<?xml version="1.0" encoding="UTF-8"?>
<testsuite xmlns:xsi="http://www.w3.org/2001/XMLSchema-instance" xsi:noNamespaceSchemaLocation="https://maven.apache.org/surefire/maven-surefire-plugin/xsd/surefire-test-report-3.0.xsd" version="3.0" name="MavyButtonTest" time="2.241" tests="16" errors="0" skipped="0" failures="0">
  <properties>
    <property name="java.specification.version" value="22"/>
    <property name="sun.jnu.encoding" value="UTF-8"/>
    <property name="sun.awt.enableExtraMouseButtons" value="true"/>
    <property name="java.class.path" value="/Users/quynhphan/Documents/KTPM/SOFTWARE-TESTING-TEMP-PROJECT/target/test-classes:/Users/quynhphan/Documents/KTPM/SOFTWARE-TESTING-TEMP-PROJECT/target/classes:/Users/quynhphan/.m2/repository/org/junit/jupiter/junit-jupiter/5.7.2/junit-jupiter-5.7.2.jar:/Users/quynhphan/.m2/repository/org/junit/jupiter/junit-jupiter-api/5.7.2/junit-jupiter-api-5.7.2.jar:/Users/quynhphan/.m2/repository/org/apiguardian/apiguardian-api/1.1.0/apiguardian-api-1.1.0.jar:/Users/quynhphan/.m2/repository/org/opentest4j/opentest4j/1.2.0/opentest4j-1.2.0.jar:/Users/quynhphan/.m2/repository/org/junit/platform/junit-platform-commons/1.7.2/junit-platform-commons-1.7.2.jar:/Users/quynhphan/.m2/repository/org/junit/jupiter/junit-jupiter-params/5.7.2/junit-jupiter-params-5.7.2.jar:/Users/quynhphan/.m2/repository/org/junit/jupiter/junit-jupiter-engine/5.7.2/junit-jupiter-engine-5.7.2.jar:/Users/quynhphan/.m2/repository/org/junit/platform/junit-platform-engine/1.7.2/junit-platform-engine-1.7.2.jar:"/>
    <property name="java.vm.vendor" value="Homebrew"/>
    <property name="sun.arch.data.model" value="64"/>
    <property name="java.vendor.url" value="https://github.com/Homebrew/homebrew-core/issues"/>
    <property name="os.name" value="Mac OS X"/>
    <property name="java.vm.specification.version" value="22"/>
    <property name="sun.java.launcher" value="SUN_STANDARD"/>
    <property name="user.country" value="VN"/>
    <property name="sun.boot.library.path" value="/usr/local/Cellar/openjdk/22.0.1/libexec/openjdk.jdk/Contents/Home/lib"/>
    <property name="sun.java.command" value="/Users/quynhphan/Documents/KTPM/SOFTWARE-TESTING-TEMP-PROJECT/target/surefire/surefirebooter-20240628092603261_3.jar /Users/quynhphan/Documents/KTPM/SOFTWARE-TESTING-TEMP-PROJECT/target/surefire 2024-06-28T09-26-02_858-jvmRun1 surefire-20240628092603261_1tmp surefire_0-20240628092603261_2tmp"/>
    <property name="http.nonProxyHosts" value="local|*.local|169.254/16|*.169.254/16"/>
    <property name="jdk.debug" value="release"/>
    <property name="surefire.test.class.path" value="/Users/quynhphan/Documents/KTPM/SOFTWARE-TESTING-TEMP-PROJECT/target/test-classes:/Users/quynhphan/Documents/KTPM/SOFTWARE-TESTING-TEMP-PROJECT/target/classes:/Users/quynhphan/.m2/repository/org/junit/jupiter/junit-jupiter/5.7.2/junit-jupiter-5.7.2.jar:/Users/quynhphan/.m2/repository/org/junit/jupiter/junit-jupiter-api/5.7.2/junit-jupiter-api-5.7.2.jar:/Users/quynhphan/.m2/repository/org/apiguardian/apiguardian-api/1.1.0/apiguardian-api-1.1.0.jar:/Users/quynhphan/.m2/repository/org/opentest4j/opentest4j/1.2.0/opentest4j-1.2.0.jar:/Users/quynhphan/.m2/repository/org/junit/platform/junit-platform-commons/1.7.2/junit-platform-commons-1.7.2.jar:/Users/quynhphan/.m2/repository/org/junit/jupiter/junit-jupiter-params/5.7.2/junit-jupiter-params-5.7.2.jar:/Users/quynhphan/.m2/repository/org/junit/jupiter/junit-jupiter-engine/5.7.2/junit-jupiter-engine-5.7.2.jar:/Users/quynhphan/.m2/repository/org/junit/platform/junit-platform-engine/1.7.2/junit-platform-engine-1.7.2.jar:"/>
    <property name="sun.cpu.endian" value="little"/>
    <property name="user.home" value="/Users/quynhphan"/>
    <property name="user.language" value="en"/>
    <property name="java.specification.vendor" value="Oracle Corporation"/>
    <property name="java.version.date" value="2024-04-16"/>
    <property name="java.home" value="/usr/local/Cellar/openjdk/22.0.1/libexec/openjdk.jdk/Contents/Home"/>
    <property name="file.separator" value="/"/>
    <property name="basedir" value="/Users/quynhphan/Documents/KTPM/SOFTWARE-TESTING-TEMP-PROJECT"/>
    <property name="java.vm.compressedOopsMode" value="Zero based"/>
    <property name="line.separator" value="&#10;"/>
    <property name="java.vm.specification.vendor" value="Oracle Corporation"/>
    <property name="java.specification.name" value="Java Platform API Specification"/>
    <property name="apple.awt.application.name" value="ForkedBooter"/>
    <property name="surefire.real.class.path" value="/Users/quynhphan/Documents/KTPM/SOFTWARE-TESTING-TEMP-PROJECT/target/surefire/surefirebooter-20240628092603261_3.jar"/>
    <property name="sun.management.compiler" value="HotSpot 64-Bit Tiered Compilers"/>
    <property name="ftp.nonProxyHosts" value="local|*.local|169.254/16|*.169.254/16"/>
    <property name="java.runtime.version" value="22.0.1"/>
    <property name="user.name" value="quynhphan"/>
    <property name="stdout.encoding" value="UTF-8"/>
    <property name="path.separator" value=":"/>
    <property name="os.version" value="13.0.1"/>
    <property name="java.runtime.name" value="OpenJDK Runtime Environment"/>
    <property name="file.encoding" value="UTF-8"/>
    <property name="java.vm.name" value="OpenJDK 64-Bit Server VM"/>
    <property name="java.vendor.version" value="Homebrew"/>
    <property name="localRepository" value="/Users/quynhphan/.m2/repository"/>
    <property name="java.vendor.url.bug" value="https://github.com/Homebrew/homebrew-core/issues"/>
    <property name="java.io.tmpdir" value="/var/folders/9s/9597vjh95kx1vgphrbtpgpy40000gn/T/"/>
    <property name="java.version" value="22.0.1"/>
    <property name="user.dir" value="/Users/quynhphan/Documents/KTPM/SOFTWARE-TESTING-TEMP-PROJECT"/>
    <property name="os.arch" value="x86_64"/>
    <property name="java.vm.specification.name" value="Java Virtual Machine Specification"/>
    <property name="native.encoding" value="UTF-8"/>
    <property name="java.library.path" value="/Users/quynhphan/Library/Java/Extensions:/Library/Java/Extensions:/Network/Library/Java/Extensions:/System/Library/Java/Extensions:/usr/lib/java:."/>
    <property name="java.vm.info" value="mixed mode, sharing"/>
    <property name="stderr.encoding" value="UTF-8"/>
    <property name="java.vendor" value="Homebrew"/>
    <property name="java.vm.version" value="22.0.1"/>
    <property name="sun.io.unicode.encoding" value="UnicodeBig"/>
    <property name="socksNonProxyHosts" value="local|*.local|169.254/16|*.169.254/16"/>
    <property name="java.class.version" value="66.0"/>
  </properties>
  <testcase name="testDefaultConstructor_focusPainted" classname="MavyButtonTest" time="1.664"/>
  <testcase name="testDefaultConstructor_enabled" classname="MavyButtonTest" time="0.02"/>
  <testcase name="testSetCustomEnabled_Enabled_isEnabled" classname="MavyButtonTest" time="0.029"/>
  <testcase name="testSetCustomEnabled_Enabled_cursor" classname="MavyButtonTest" time="0.068"/>
  <testcase name="testConstructorWithColor_borderPainted" classname="MavyButtonTest" time="0.009"/>
  <testcase name="testDefaultConstructor_borderPainted" classname="MavyButtonTest" time="0.004"/>
  <testcase name="testConstructorWithColor_focusPainted" classname="MavyButtonTest" time="0.004"/>
  <testcase name="testSetCustomEnabled_Enabled_foreground" classname="MavyButtonTest" time="0.009"/>
  <testcase name="testConstructorWithColor_font" classname="MavyButtonTest" time="0.021"/>
  <testcase name="testConstructorWithColor_text" classname="MavyButtonTest" time="0.014"/>
  <testcase name="testSetCustomEnabled_Enabled_background" classname="MavyButtonTest" time="0.019"/>
  <testcase name="testDefaultConstructor_font" classname="MavyButtonTest" time="0.013"/>
  <testcase name="testDefaultConstructor_text" classname="MavyButtonTest" time="0.013"/>
  <testcase name="testSetCustomEnabled_Disabled_isEnabled" classname="MavyButtonTest" time="0.011"/>
  <testcase name="testConstructorWithColor_enabled" classname="MavyButtonTest" time="0.012"/>
  <testcase name="testSetCustomEnabled_Disabled_background" classname="MavyButtonTest" time="0.008"/>
</testsuite>