<?xml version="1.0" encoding="UTF-8"?>
<testsuite xmlns:xsi="http://www.w3.org/2001/XMLSchema-instance" xsi:noNamespaceSchemaLocation="https://maven.apache.org/surefire/maven-surefire-plugin/xsd/surefire-test-report-3.0.xsd" version="3.0" name="MavyButtonTest" time="1.355" tests="16" errors="0" skipped="0" failures="0">
  <properties>
    <property name="sonar.projectName" value="Software Testing-SonarQube"/>
    <property name="java.specification.version" value="22"/>
    <property name="sonar.host.url" value="http://localhost:9000"/>
    <property name="sun.jnu.encoding" value="UTF-8"/>
    <property name="sun.awt.enableExtraMouseButtons" value="true"/>
    <property name="java.class.path" value="/Users/quynhphan/Documents/KTPM/SOFTWARE-TESTING-TEMP-PROJECT/target/test-classes:/Users/quynhphan/Documents/KTPM/SOFTWARE-TESTING-TEMP-PROJECT/target/classes:/Users/quynhphan/.m2/repository/org/junit/jupiter/junit-jupiter/5.7.2/junit-jupiter-5.7.2.jar:/Users/quynhphan/.m2/repository/org/junit/jupiter/junit-jupiter-api/5.7.2/junit-jupiter-api-5.7.2.jar:/Users/quynhphan/.m2/repository/org/apiguardian/apiguardian-api/1.1.0/apiguardian-api-1.1.0.jar:/Users/quynhphan/.m2/repository/org/opentest4j/opentest4j/1.2.0/opentest4j-1.2.0.jar:/Users/quynhphan/.m2/repository/org/junit/platform/junit-platform-commons/1.7.2/junit-platform-commons-1.7.2.jar:/Users/quynhphan/.m2/repository/org/junit/jupiter/junit-jupiter-params/5.7.2/junit-jupiter-params-5.7.2.jar:/Users/quynhphan/.m2/repository/org/junit/jupiter/junit-jupiter-engine/5.7.2/junit-jupiter-engine-5.7.2.jar:/Users/quynhphan/.m2/repository/org/junit/platform/junit-platform-engine/1.7.2/junit-platform-engine-1.7.2.jar:/Users/quynhphan/.m2/repository/javax/xml/bind/jaxb-api/2.3.1/jaxb-api-2.3.1.jar:/Users/quynhphan/.m2/repository/javax/activation/javax.activation-api/1.2.0/javax.activation-api-1.2.0.jar:/Users/quynhphan/.m2/repository/org/glassfish/jaxb/jaxb-runtime/2.3.1/jaxb-runtime-2.3.1.jar:/Users/quynhphan/.m2/repository/org/glassfish/jaxb/txw2/2.3.1/txw2-2.3.1.jar:/Users/quynhphan/.m2/repository/com/sun/istack/istack-commons-runtime/3.0.7/istack-commons-runtime-3.0.7.jar:/Users/quynhphan/.m2/repository/org/jvnet/staxex/stax-ex/1.8/stax-ex-1.8.jar:/Users/quynhphan/.m2/repository/com/sun/xml/fastinfoset/FastInfoset/1.2.15/FastInfoset-1.2.15.jar:"/>
    <property name="java.vm.vendor" value="Homebrew"/>
    <property name="sun.arch.data.model" value="64"/>
    <property name="java.vendor.url" value="https://github.com/Homebrew/homebrew-core/issues"/>
    <property name="os.name" value="Mac OS X"/>
    <property name="java.vm.specification.version" value="22"/>
    <property name="sun.java.launcher" value="SUN_STANDARD"/>
    <property name="user.country" value="VN"/>
    <property name="sun.boot.library.path" value="/usr/local/Cellar/openjdk/22.0.1/libexec/openjdk.jdk/Contents/Home/lib"/>
    <property name="sun.java.command" value="/Users/quynhphan/Documents/KTPM/SOFTWARE-TESTING-TEMP-PROJECT/target/surefire/surefirebooter-20240629095446891_3.jar /Users/quynhphan/Documents/KTPM/SOFTWARE-TESTING-TEMP-PROJECT/target/surefire 2024-06-29T09-54-46_694-jvmRun1 surefire-20240629095446891_1tmp surefire_0-20240629095446891_2tmp"/>
    <property name="http.nonProxyHosts" value="local|*.local|169.254/16|*.169.254/16"/>
    <property name="jdk.debug" value="release"/>
    <property name="surefire.test.class.path" value="/Users/quynhphan/Documents/KTPM/SOFTWARE-TESTING-TEMP-PROJECT/target/test-classes:/Users/quynhphan/Documents/KTPM/SOFTWARE-TESTING-TEMP-PROJECT/target/classes:/Users/quynhphan/.m2/repository/org/junit/jupiter/junit-jupiter/5.7.2/junit-jupiter-5.7.2.jar:/Users/quynhphan/.m2/repository/org/junit/jupiter/junit-jupiter-api/5.7.2/junit-jupiter-api-5.7.2.jar:/Users/quynhphan/.m2/repository/org/apiguardian/apiguardian-api/1.1.0/apiguardian-api-1.1.0.jar:/Users/quynhphan/.m2/repository/org/opentest4j/opentest4j/1.2.0/opentest4j-1.2.0.jar:/Users/quynhphan/.m2/repository/org/junit/platform/junit-platform-commons/1.7.2/junit-platform-commons-1.7.2.jar:/Users/quynhphan/.m2/repository/org/junit/jupiter/junit-jupiter-params/5.7.2/junit-jupiter-params-5.7.2.jar:/Users/quynhphan/.m2/repository/org/junit/jupiter/junit-jupiter-engine/5.7.2/junit-jupiter-engine-5.7.2.jar:/Users/quynhphan/.m2/repository/org/junit/platform/junit-platform-engine/1.7.2/junit-platform-engine-1.7.2.jar:/Users/quynhphan/.m2/repository/javax/xml/bind/jaxb-api/2.3.1/jaxb-api-2.3.1.jar:/Users/quynhphan/.m2/repository/javax/activation/javax.activation-api/1.2.0/javax.activation-api-1.2.0.jar:/Users/quynhphan/.m2/repository/org/glassfish/jaxb/jaxb-runtime/2.3.1/jaxb-runtime-2.3.1.jar:/Users/quynhphan/.m2/repository/org/glassfish/jaxb/txw2/2.3.1/txw2-2.3.1.jar:/Users/quynhphan/.m2/repository/com/sun/istack/istack-commons-runtime/3.0.7/istack-commons-runtime-3.0.7.jar:/Users/quynhphan/.m2/repository/org/jvnet/staxex/stax-ex/1.8/stax-ex-1.8.jar:/Users/quynhphan/.m2/repository/com/sun/xml/fastinfoset/FastInfoset/1.2.15/FastInfoset-1.2.15.jar:"/>
    <property name="sun.cpu.endian" value="little"/>
    <property name="user.home" value="/Users/quynhphan"/>
    <property name="user.language" value="en"/>
    <property name="java.specification.vendor" value="Oracle Corporation"/>
    <property name="java.version.date" value="2024-04-16"/>
    <property name="java.home" value="/usr/local/Cellar/openjdk/22.0.1/libexec/openjdk.jdk/Contents/Home"/>
    <property name="file.separator" value="/"/>
    <property name="basedir" value="/Users/quynhphan/Documents/KTPM/SOFTWARE-TESTING-TEMP-PROJECT"/>
    <property name="java.vm.compressedOopsMode" value="Zero based"/>
    <property name="line.separator" value="&#10;"/>
    <property name="java.vm.specification.vendor" value="Oracle Corporation"/>
    <property name="java.specification.name" value="Java Platform API Specification"/>
    <property name="apple.awt.application.name" value="ForkedBooter"/>
    <property name="surefire.real.class.path" value="/Users/quynhphan/Documents/KTPM/SOFTWARE-TESTING-TEMP-PROJECT/target/surefire/surefirebooter-20240629095446891_3.jar"/>
    <property name="sun.management.compiler" value="HotSpot 64-Bit Tiered Compilers"/>
    <property name="ftp.nonProxyHosts" value="local|*.local|169.254/16|*.169.254/16"/>
    <property name="java.runtime.version" value="22.0.1"/>
    <property name="user.name" value="quynhphan"/>
    <property name="stdout.encoding" value="UTF-8"/>
    <property name="path.separator" value=":"/>
    <property name="os.version" value="13.0.1"/>
    <property name="java.runtime.name" value="OpenJDK Runtime Environment"/>
    <property name="file.encoding" value="UTF-8"/>
    <property name="java.vm.name" value="OpenJDK 64-Bit Server VM"/>
    <property name="java.vendor.version" value="Homebrew"/>
    <property name="localRepository" value="/Users/quynhphan/.m2/repository"/>
    <property name="java.vendor.url.bug" value="https://github.com/Homebrew/homebrew-core/issues"/>
    <property name="java.io.tmpdir" value="/var/folders/9s/9597vjh95kx1vgphrbtpgpy40000gn/T/"/>
    <property name="sonar.token" value="sqp_e71d613afedadd72fb2d6369928a071afd753737"/>
    <property name="java.version" value="22.0.1"/>
    <property name="user.dir" value="/Users/quynhphan/Documents/KTPM/SOFTWARE-TESTING-TEMP-PROJECT"/>
    <property name="os.arch" value="x86_64"/>
    <property name="java.vm.specification.name" value="Java Virtual Machine Specification"/>
    <property name="native.encoding" value="UTF-8"/>
    <property name="sonar.projectKey" value="Software-Testing-SonarQube"/>
    <property name="java.library.path" value="/Users/quynhphan/Library/Java/Extensions:/Library/Java/Extensions:/Network/Library/Java/Extensions:/System/Library/Java/Extensions:/usr/lib/java:."/>
    <property name="java.vm.info" value="mixed mode, sharing"/>
    <property name="stderr.encoding" value="UTF-8"/>
    <property name="java.vendor" value="Homebrew"/>
    <property name="java.vm.version" value="22.0.1"/>
    <property name="sun.io.unicode.encoding" value="UnicodeBig"/>
    <property name="socksNonProxyHosts" value="local|*.local|169.254/16|*.169.254/16"/>
    <property name="java.class.version" value="66.0"/>
  </properties>
  <testcase name="testDefaultConstructor_focusPainted" classname="MavyButtonTest" time="1.004"/>
  <testcase name="testDefaultConstructor_enabled" classname="MavyButtonTest" time="0.01"/>
  <testcase name="testSetCustomEnabled_Enabled_isEnabled" classname="MavyButtonTest" time="0.015"/>
  <testcase name="testSetCustomEnabled_Enabled_cursor" classname="MavyButtonTest" time="0.016"/>
  <testcase name="testConstructorWithColor_borderPainted" classname="MavyButtonTest" time="0.004"/>
  <testcase name="testDefaultConstructor_borderPainted" classname="MavyButtonTest" time="0.001"/>
  <testcase name="testConstructorWithColor_focusPainted" classname="MavyButtonTest" time="0.005"/>
  <testcase name="testSetCustomEnabled_Enabled_foreground" classname="MavyButtonTest" time="0.005"/>
  <testcase name="testConstructorWithColor_font" classname="MavyButtonTest" time="0.006"/>
  <testcase name="testConstructorWithColor_text" classname="MavyButtonTest" time="0.001"/>
  <testcase name="testSetCustomEnabled_Enabled_background" classname="MavyButtonTest" time="0.132"/>
  <testcase name="testDefaultConstructor_font" classname="MavyButtonTest" time="0.006"/>
  <testcase name="testDefaultConstructor_text" classname="MavyButtonTest" time="0.005"/>
  <testcase name="testSetCustomEnabled_Disabled_isEnabled" classname="MavyButtonTest" time="0.004"/>
  <testcase name="testConstructorWithColor_enabled" classname="MavyButtonTest" time="0.003"/>
  <testcase name="testSetCustomEnabled_Disabled_background" classname="MavyButtonTest" time="0.003"/>
</testsuite>